<?xml version="1.0" encoding="UTF-8"?>
<!-- Generated by org.testng.reporters.JUnitXMLReporter -->
<testsuite ignored="0" hostname="DESKTOP-VK5373N" failures="0" tests="3" name="Regression" time="14.639" errors="0" timestamp="2024-06-06T20:18:31 BST">
  <testcase classname="testCases.TC_001_ValidateLogin" name="validLogin" time="0.671"/>
  <testcase classname="testCases.TC_002_AddItemsToCart" name="addSixItemsToCart" time="1.141"/>
  <testcase classname="testCases.TC_003_CheckOutSixItems" name="checkOutSixItems" time="2.375"/>
</testsuite> <!-- Regression -->
