<?xml version="1.0" encoding="UTF-8"?>
<!-- Generated by org.testng.reporters.JUnitXMLReporter -->
<testsuite ignored="0" hostname="DESKTOP-VK5373N" failures="0" tests="3" name="Regression" time="83.756" errors="0" timestamp="2024-06-23T12:54:18 BST">
  <testcase classname="testCases.TC_001_ValidateLogin" name="validLogin" time="2.0"/>
  <testcase classname="testCases.TC_002_AddItemsToCart" name="addSixItemsToCart" time="3.613"/>
  <testcase classname="testCases.TC_003_CheckOutSixItems" name="checkOutSixItems" time="4.575"/>
</testsuite> <!-- Regression -->
